0 info it worked if it ends with ok
1 verbose cli [ '/home/daniel/.nvm/versions/node/v6.2.2/bin/node',
1 verbose cli   '/home/daniel/.nvm/versions/node/v6.2.2/bin/npm',
1 verbose cli   'install',
1 verbose cli   '-g',
1 verbose cli   'create-react-app@0.4.0' ]
2 info using npm@3.9.5
3 info using node@v6.2.2
4 silly loadCurrentTree Starting
5 silly install loadCurrentTree
6 silly install readGlobalPackageData
7 silly fetchPackageMetaData create-react-app@0.4.0
8 silly fetchNamedPackageData create-react-app
9 silly mapToRegistry name create-react-app
10 silly mapToRegistry using default registry
11 silly mapToRegistry registry https://registry.npmjs.org/
12 silly mapToRegistry data Result {
12 silly mapToRegistry   raw: 'create-react-app',
12 silly mapToRegistry   scope: null,
12 silly mapToRegistry   name: 'create-react-app',
12 silly mapToRegistry   rawSpec: '',
12 silly mapToRegistry   spec: 'latest',
12 silly mapToRegistry   type: 'tag' }
13 silly mapToRegistry uri https://registry.npmjs.org/create-react-app
14 verbose request uri https://registry.npmjs.org/create-react-app
15 verbose request no auth needed
16 info attempt registry request try #1 at 9:58:49 AM
17 verbose request id 030f146f8b6e12a6
18 verbose etag "9P4EJFF5F65V2FQATE4AK4I4X"
19 http request GET https://registry.npmjs.org/create-react-app
20 http 304 https://registry.npmjs.org/create-react-app
21 verbose headers { date: 'Thu, 08 Sep 2016 13:58:49 GMT',
21 verbose headers   via: '1.1 varnish',
21 verbose headers   'cache-control': 'max-age=300',
21 verbose headers   etag: '"9P4EJFF5F65V2FQATE4AK4I4X"',
21 verbose headers   age: '92',
21 verbose headers   connection: 'keep-alive',
21 verbose headers   'x-served-by': 'cache-jfk8123-JFK',
21 verbose headers   'x-cache': 'HIT',
21 verbose headers   'x-cache-hits': '1',
21 verbose headers   'x-timer': 'S1473343129.576884,VS0,VE0',
21 verbose headers   vary: 'Accept-Encoding' }
22 silly get cb [ 304,
22 silly get   { date: 'Thu, 08 Sep 2016 13:58:49 GMT',
22 silly get     via: '1.1 varnish',
22 silly get     'cache-control': 'max-age=300',
22 silly get     etag: '"9P4EJFF5F65V2FQATE4AK4I4X"',
22 silly get     age: '92',
22 silly get     connection: 'keep-alive',
22 silly get     'x-served-by': 'cache-jfk8123-JFK',
22 silly get     'x-cache': 'HIT',
22 silly get     'x-cache-hits': '1',
22 silly get     'x-timer': 'S1473343129.576884,VS0,VE0',
22 silly get     vary: 'Accept-Encoding' } ]
23 verbose etag https://registry.npmjs.org/create-react-app from cache
24 verbose get saving create-react-app to /home/daniel/.npm/registry.npmjs.org/create-react-app/.cache.json
25 verbose correctMkdir /home/daniel/.npm correctMkdir not in flight; initializing
26 silly fetchNamedPackageData No valid target from cache, forcing network
27 verbose request uri https://registry.npmjs.org/create-react-app
28 verbose request no auth needed
29 info attempt registry request try #1 at 9:58:49 AM
30 http request GET https://registry.npmjs.org/create-react-app
31 http 200 https://registry.npmjs.org/create-react-app
32 verbose headers { server: 'CouchDB/1.5.0 (Erlang OTP/R16B03)',
32 verbose headers   etag: '"9P4EJFF5F65V2FQATE4AK4I4X"',
32 verbose headers   'content-type': 'application/json',
32 verbose headers   'content-encoding': 'gzip',
32 verbose headers   'cache-control': 'max-age=300',
32 verbose headers   'content-length': '1451',
32 verbose headers   'accept-ranges': 'bytes',
32 verbose headers   date: 'Thu, 08 Sep 2016 13:58:49 GMT',
32 verbose headers   via: '1.1 varnish',
32 verbose headers   age: '92',
32 verbose headers   connection: 'keep-alive',
32 verbose headers   'x-served-by': 'cache-jfk8123-JFK',
32 verbose headers   'x-cache': 'HIT',
32 verbose headers   'x-cache-hits': '2',
32 verbose headers   'x-timer': 'S1473343129.596445,VS0,VE0',
32 verbose headers   vary: 'Accept-Encoding' }
33 silly get cb [ 200,
33 silly get   { server: 'CouchDB/1.5.0 (Erlang OTP/R16B03)',
33 silly get     etag: '"9P4EJFF5F65V2FQATE4AK4I4X"',
33 silly get     'content-type': 'application/json',
33 silly get     'content-encoding': 'gzip',
33 silly get     'cache-control': 'max-age=300',
33 silly get     'content-length': '1451',
33 silly get     'accept-ranges': 'bytes',
33 silly get     date: 'Thu, 08 Sep 2016 13:58:49 GMT',
33 silly get     via: '1.1 varnish',
33 silly get     age: '92',
33 silly get     connection: 'keep-alive',
33 silly get     'x-served-by': 'cache-jfk8123-JFK',
33 silly get     'x-cache': 'HIT',
33 silly get     'x-cache-hits': '2',
33 silly get     'x-timer': 'S1473343129.596445,VS0,VE0',
33 silly get     vary: 'Accept-Encoding' } ]
34 verbose get saving create-react-app to /home/daniel/.npm/registry.npmjs.org/create-react-app/.cache.json
35 verbose correctMkdir /home/daniel/.npm correctMkdir not in flight; initializing
36 silly fetchPackageMetaData Error: No compatible version found: create-react-app@0.4.0
36 silly fetchPackageMetaData Valid install targets:
36 silly fetchPackageMetaData 0.3.0, 0.2.0, 0.2.0-alpha.1, 0.1.0, 0.0.0
36 silly fetchPackageMetaData
36 silly fetchPackageMetaData     at pickVersionFromRegistryDocument (/home/daniel/.nvm/versions/node/v6.2.2/lib/node_modules/npm/lib/fetch-package-metadata.js:170:16)
36 silly fetchPackageMetaData     at /home/daniel/.nvm/versions/node/v6.2.2/lib/node_modules/npm/node_modules/iferr/index.js:13:50
36 silly fetchPackageMetaData     at /home/daniel/.nvm/versions/node/v6.2.2/lib/node_modules/npm/lib/utils/pulse-till-done.js:19:8
36 silly fetchPackageMetaData     at saved (/home/daniel/.nvm/versions/node/v6.2.2/lib/node_modules/npm/lib/cache/caching-client.js:174:7)
36 silly fetchPackageMetaData     at /home/daniel/.nvm/versions/node/v6.2.2/lib/node_modules/npm/node_modules/graceful-fs/polyfills.js:210:7
36 silly fetchPackageMetaData     at FSReqWrap.oncomplete (fs.js:117:15)
36 silly fetchPackageMetaData  error for create-react-app@0.4.0 Error: No compatible version found: create-react-app@0.4.0
36 silly fetchPackageMetaData Valid install targets:
36 silly fetchPackageMetaData 0.3.0, 0.2.0, 0.2.0-alpha.1, 0.1.0, 0.0.0
36 silly fetchPackageMetaData
36 silly fetchPackageMetaData     at pickVersionFromRegistryDocument (/home/daniel/.nvm/versions/node/v6.2.2/lib/node_modules/npm/lib/fetch-package-metadata.js:170:16)
36 silly fetchPackageMetaData     at /home/daniel/.nvm/versions/node/v6.2.2/lib/node_modules/npm/node_modules/iferr/index.js:13:50
36 silly fetchPackageMetaData     at /home/daniel/.nvm/versions/node/v6.2.2/lib/node_modules/npm/lib/utils/pulse-till-done.js:19:8
36 silly fetchPackageMetaData     at saved (/home/daniel/.nvm/versions/node/v6.2.2/lib/node_modules/npm/lib/cache/caching-client.js:174:7)
36 silly fetchPackageMetaData     at /home/daniel/.nvm/versions/node/v6.2.2/lib/node_modules/npm/node_modules/graceful-fs/polyfills.js:210:7
36 silly fetchPackageMetaData     at FSReqWrap.oncomplete (fs.js:117:15)
37 silly rollbackFailedOptional Starting
38 silly rollbackFailedOptional Finishing
39 silly runTopLevelLifecycles Starting
40 silly runTopLevelLifecycles Finishing
41 silly install printInstalled
42 verbose stack Error: No compatible version found: create-react-app@0.4.0
42 verbose stack Valid install targets:
42 verbose stack 0.3.0, 0.2.0, 0.2.0-alpha.1, 0.1.0, 0.0.0
42 verbose stack
42 verbose stack     at pickVersionFromRegistryDocument (/home/daniel/.nvm/versions/node/v6.2.2/lib/node_modules/npm/lib/fetch-package-metadata.js:170:16)
42 verbose stack     at /home/daniel/.nvm/versions/node/v6.2.2/lib/node_modules/npm/node_modules/iferr/index.js:13:50
42 verbose stack     at /home/daniel/.nvm/versions/node/v6.2.2/lib/node_modules/npm/lib/utils/pulse-till-done.js:19:8
42 verbose stack     at saved (/home/daniel/.nvm/versions/node/v6.2.2/lib/node_modules/npm/lib/cache/caching-client.js:174:7)
42 verbose stack     at /home/daniel/.nvm/versions/node/v6.2.2/lib/node_modules/npm/node_modules/graceful-fs/polyfills.js:210:7
42 verbose stack     at FSReqWrap.oncomplete (fs.js:117:15)
43 verbose cwd /home/daniel/ga-wdi/p3-react
44 error Linux 4.4.0-34-generic
45 error argv "/home/daniel/.nvm/versions/node/v6.2.2/bin/node" "/home/daniel/.nvm/versions/node/v6.2.2/bin/npm" "install" "-g" "create-react-app@0.4.0"
46 error node v6.2.2
47 error npm  v3.9.5
48 error No compatible version found: create-react-app@0.4.0
48 error Valid install targets:
48 error 0.3.0, 0.2.0, 0.2.0-alpha.1, 0.1.0, 0.0.0
49 error If you need help, you may report this error at:
49 error     <https://github.com/npm/npm/issues>
50 verbose exit [ 1, true ]
